<?xml version="1.0" encoding="UTF-8"?>
<testsuite xmlns:xsi="http://www.w3.org/2001/XMLSchema-instance" xsi:noNamespaceSchemaLocation="https://maven.apache.org/surefire/maven-surefire-plugin/xsd/surefire-test-report-3.0.xsd" version="3.0" name="my.app.admnp.AdmnpApplicationTests" time="2.29" tests="1" errors="0" skipped="0" failures="0">
  <properties>
    <property name="sun.desktop" value="windows"/>
    <property name="awt.toolkit" value="sun.awt.windows.WToolkit"/>
    <property name="java.specification.version" value="11"/>
    <property name="sun.cpu.isalist" value="amd64"/>
    <property name="sun.jnu.encoding" value="GBK"/>
    <property name="java.class.path" value="F:\java毕设程序\java源码 仿360buy京东商城源码 京东JavaWeb项目源代码\京东源码\admnp\target\test-classes;F:\java毕设程序\java源码 仿360buy京东商城源码 京东JavaWeb项目源代码\京东源码\admnp\target\classes;D:\Environment\maven\apache-maven-3.9.1\maven-repository\org\springframework\boot\spring-boot-starter-web\2.6.13\spring-boot-starter-web-2.6.13.jar;D:\Environment\maven\apache-maven-3.9.1\maven-repository\org\springframework\boot\spring-boot-starter\2.6.13\spring-boot-starter-2.6.13.jar;D:\Environment\maven\apache-maven-3.9.1\maven-repository\org\springframework\boot\spring-boot\2.6.13\spring-boot-2.6.13.jar;D:\Environment\maven\apache-maven-3.9.1\maven-repository\org\springframework\boot\spring-boot-autoconfigure\2.6.13\spring-boot-autoconfigure-2.6.13.jar;D:\Environment\maven\apache-maven-3.9.1\maven-repository\org\springframework\boot\spring-boot-starter-logging\2.6.13\spring-boot-starter-logging-2.6.13.jar;D:\Environment\maven\apache-maven-3.9.1\maven-repository\ch\qos\logback\logback-classic\1.2.11\logback-classic-1.2.11.jar;D:\Environment\maven\apache-maven-3.9.1\maven-repository\ch\qos\logback\logback-core\1.2.11\logback-core-1.2.11.jar;D:\Environment\maven\apache-maven-3.9.1\maven-repository\org\apache\logging\log4j\log4j-to-slf4j\2.17.2\log4j-to-slf4j-2.17.2.jar;D:\Environment\maven\apache-maven-3.9.1\maven-repository\org\apache\logging\log4j\log4j-api\2.17.2\log4j-api-2.17.2.jar;D:\Environment\maven\apache-maven-3.9.1\maven-repository\org\slf4j\jul-to-slf4j\1.7.36\jul-to-slf4j-1.7.36.jar;D:\Environment\maven\apache-maven-3.9.1\maven-repository\jakarta\annotation\jakarta.annotation-api\1.3.5\jakarta.annotation-api-1.3.5.jar;D:\Environment\maven\apache-maven-3.9.1\maven-repository\org\yaml\snakeyaml\1.29\snakeyaml-1.29.jar;D:\Environment\maven\apache-maven-3.9.1\maven-repository\org\springframework\boot\spring-boot-starter-json\2.6.13\spring-boot-starter-json-2.6.13.jar;D:\Environment\maven\apache-maven-3.9.1\maven-repository\com\fasterxml\jackson\core\jackson-databind\2.13.4.2\jackson-databind-2.13.4.2.jar;D:\Environment\maven\apache-maven-3.9.1\maven-repository\com\fasterxml\jackson\core\jackson-annotations\2.13.4\jackson-annotations-2.13.4.jar;D:\Environment\maven\apache-maven-3.9.1\maven-repository\com\fasterxml\jackson\core\jackson-core\2.13.4\jackson-core-2.13.4.jar;D:\Environment\maven\apache-maven-3.9.1\maven-repository\com\fasterxml\jackson\datatype\jackson-datatype-jdk8\2.13.4\jackson-datatype-jdk8-2.13.4.jar;D:\Environment\maven\apache-maven-3.9.1\maven-repository\com\fasterxml\jackson\datatype\jackson-datatype-jsr310\2.13.4\jackson-datatype-jsr310-2.13.4.jar;D:\Environment\maven\apache-maven-3.9.1\maven-repository\com\fasterxml\jackson\module\jackson-module-parameter-names\2.13.4\jackson-module-parameter-names-2.13.4.jar;D:\Environment\maven\apache-maven-3.9.1\maven-repository\org\springframework\boot\spring-boot-starter-tomcat\2.6.13\spring-boot-starter-tomcat-2.6.13.jar;D:\Environment\maven\apache-maven-3.9.1\maven-repository\org\apache\tomcat\embed\tomcat-embed-core\9.0.68\tomcat-embed-core-9.0.68.jar;D:\Environment\maven\apache-maven-3.9.1\maven-repository\org\apache\tomcat\embed\tomcat-embed-el\9.0.68\tomcat-embed-el-9.0.68.jar;D:\Environment\maven\apache-maven-3.9.1\maven-repository\org\apache\tomcat\embed\tomcat-embed-websocket\9.0.68\tomcat-embed-websocket-9.0.68.jar;D:\Environment\maven\apache-maven-3.9.1\maven-repository\org\springframework\spring-web\5.3.23\spring-web-5.3.23.jar;D:\Environment\maven\apache-maven-3.9.1\maven-repository\org\springframework\spring-beans\5.3.23\spring-beans-5.3.23.jar;D:\Environment\maven\apache-maven-3.9.1\maven-repository\org\springframework\spring-webmvc\5.3.23\spring-webmvc-5.3.23.jar;D:\Environment\maven\apache-maven-3.9.1\maven-repository\org\springframework\spring-aop\5.3.23\spring-aop-5.3.23.jar;D:\Environment\maven\apache-maven-3.9.1\maven-repository\org\springframework\spring-context\5.3.23\spring-context-5.3.23.jar;D:\Environment\maven\apache-maven-3.9.1\maven-repository\org\springframework\spring-expression\5.3.23\spring-expression-5.3.23.jar;D:\Environment\maven\apache-maven-3.9.1\maven-repository\org\springframework\boot\spring-boot-starter-test\2.6.13\spring-boot-starter-test-2.6.13.jar;D:\Environment\maven\apache-maven-3.9.1\maven-repository\org\springframework\boot\spring-boot-test\2.6.13\spring-boot-test-2.6.13.jar;D:\Environment\maven\apache-maven-3.9.1\maven-repository\org\springframework\boot\spring-boot-test-autoconfigure\2.6.13\spring-boot-test-autoconfigure-2.6.13.jar;D:\Environment\maven\apache-maven-3.9.1\maven-repository\com\jayway\jsonpath\json-path\2.6.0\json-path-2.6.0.jar;D:\Environment\maven\apache-maven-3.9.1\maven-repository\net\minidev\json-smart\2.4.8\json-smart-2.4.8.jar;D:\Environment\maven\apache-maven-3.9.1\maven-repository\net\minidev\accessors-smart\2.4.8\accessors-smart-2.4.8.jar;D:\Environment\maven\apache-maven-3.9.1\maven-repository\org\ow2\asm\asm\9.1\asm-9.1.jar;D:\Environment\maven\apache-maven-3.9.1\maven-repository\org\slf4j\slf4j-api\1.7.36\slf4j-api-1.7.36.jar;D:\Environment\maven\apache-maven-3.9.1\maven-repository\jakarta\xml\bind\jakarta.xml.bind-api\2.3.3\jakarta.xml.bind-api-2.3.3.jar;D:\Environment\maven\apache-maven-3.9.1\maven-repository\jakarta\activation\jakarta.activation-api\1.2.2\jakarta.activation-api-1.2.2.jar;D:\Environment\maven\apache-maven-3.9.1\maven-repository\org\assertj\assertj-core\3.21.0\assertj-core-3.21.0.jar;D:\Environment\maven\apache-maven-3.9.1\maven-repository\org\hamcrest\hamcrest\2.2\hamcrest-2.2.jar;D:\Environment\maven\apache-maven-3.9.1\maven-repository\org\junit\jupiter\junit-jupiter\5.8.2\junit-jupiter-5.8.2.jar;D:\Environment\maven\apache-maven-3.9.1\maven-repository\org\junit\jupiter\junit-jupiter-api\5.8.2\junit-jupiter-api-5.8.2.jar;D:\Environment\maven\apache-maven-3.9.1\maven-repository\org\opentest4j\opentest4j\1.2.0\opentest4j-1.2.0.jar;D:\Environment\maven\apache-maven-3.9.1\maven-repository\org\junit\platform\junit-platform-commons\1.8.2\junit-platform-commons-1.8.2.jar;D:\Environment\maven\apache-maven-3.9.1\maven-repository\org\apiguardian\apiguardian-api\1.1.2\apiguardian-api-1.1.2.jar;D:\Environment\maven\apache-maven-3.9.1\maven-repository\org\junit\jupiter\junit-jupiter-params\5.8.2\junit-jupiter-params-5.8.2.jar;D:\Environment\maven\apache-maven-3.9.1\maven-repository\org\junit\jupiter\junit-jupiter-engine\5.8.2\junit-jupiter-engine-5.8.2.jar;D:\Environment\maven\apache-maven-3.9.1\maven-repository\org\junit\platform\junit-platform-engine\1.8.2\junit-platform-engine-1.8.2.jar;D:\Environment\maven\apache-maven-3.9.1\maven-repository\org\mockito\mockito-core\4.0.0\mockito-core-4.0.0.jar;D:\Environment\maven\apache-maven-3.9.1\maven-repository\net\bytebuddy\byte-buddy\1.11.22\byte-buddy-1.11.22.jar;D:\Environment\maven\apache-maven-3.9.1\maven-repository\net\bytebuddy\byte-buddy-agent\1.11.22\byte-buddy-agent-1.11.22.jar;D:\Environment\maven\apache-maven-3.9.1\maven-repository\org\objenesis\objenesis\3.2\objenesis-3.2.jar;D:\Environment\maven\apache-maven-3.9.1\maven-repository\org\mockito\mockito-junit-jupiter\4.0.0\mockito-junit-jupiter-4.0.0.jar;D:\Environment\maven\apache-maven-3.9.1\maven-repository\org\skyscreamer\jsonassert\1.5.1\jsonassert-1.5.1.jar;D:\Environment\maven\apache-maven-3.9.1\maven-repository\com\vaadin\external\google\android-json\0.0.20131108.vaadin1\android-json-0.0.20131108.vaadin1.jar;D:\Environment\maven\apache-maven-3.9.1\maven-repository\org\springframework\spring-core\5.3.23\spring-core-5.3.23.jar;D:\Environment\maven\apache-maven-3.9.1\maven-repository\org\springframework\spring-jcl\5.3.23\spring-jcl-5.3.23.jar;D:\Environment\maven\apache-maven-3.9.1\maven-repository\org\springframework\spring-test\5.3.23\spring-test-5.3.23.jar;D:\Environment\maven\apache-maven-3.9.1\maven-repository\org\xmlunit\xmlunit-core\2.8.4\xmlunit-core-2.8.4.jar;"/>
    <property name="java.vm.vendor" value="Oracle Corporation"/>
    <property name="sun.arch.data.model" value="64"/>
    <property name="user.variant" value=""/>
    <property name="java.vendor.url" value="https://openjdk.java.net/"/>
    <property name="user.timezone" value="Asia/Shanghai"/>
    <property name="java.vm.specification.version" value="11"/>
    <property name="os.name" value="Windows 10"/>
    <property name="sun.java.launcher" value="SUN_STANDARD"/>
    <property name="user.country" value="CN"/>
    <property name="sun.boot.library.path" value="D:\Environment\jdk11\bin"/>
    <property name="sun.java.command" value="C:\Users\小生有礼啦\AppData\Local\Temp\surefire2696726526551822546\surefirebooter-20240208220625281_3.jar C:\Users\小生有礼啦\AppData\Local\Temp\surefire2696726526551822546 2024-02-08T22-06-24_582-jvmRun1 surefire-20240208220625281_1tmp surefire_0-20240208220625281_2tmp"/>
    <property name="jdk.debug" value="release"/>
    <property name="surefire.test.class.path" value="F:\java毕设程序\java源码 仿360buy京东商城源码 京东JavaWeb项目源代码\京东源码\admnp\target\test-classes;F:\java毕设程序\java源码 仿360buy京东商城源码 京东JavaWeb项目源代码\京东源码\admnp\target\classes;D:\Environment\maven\apache-maven-3.9.1\maven-repository\org\springframework\boot\spring-boot-starter-web\2.6.13\spring-boot-starter-web-2.6.13.jar;D:\Environment\maven\apache-maven-3.9.1\maven-repository\org\springframework\boot\spring-boot-starter\2.6.13\spring-boot-starter-2.6.13.jar;D:\Environment\maven\apache-maven-3.9.1\maven-repository\org\springframework\boot\spring-boot\2.6.13\spring-boot-2.6.13.jar;D:\Environment\maven\apache-maven-3.9.1\maven-repository\org\springframework\boot\spring-boot-autoconfigure\2.6.13\spring-boot-autoconfigure-2.6.13.jar;D:\Environment\maven\apache-maven-3.9.1\maven-repository\org\springframework\boot\spring-boot-starter-logging\2.6.13\spring-boot-starter-logging-2.6.13.jar;D:\Environment\maven\apache-maven-3.9.1\maven-repository\ch\qos\logback\logback-classic\1.2.11\logback-classic-1.2.11.jar;D:\Environment\maven\apache-maven-3.9.1\maven-repository\ch\qos\logback\logback-core\1.2.11\logback-core-1.2.11.jar;D:\Environment\maven\apache-maven-3.9.1\maven-repository\org\apache\logging\log4j\log4j-to-slf4j\2.17.2\log4j-to-slf4j-2.17.2.jar;D:\Environment\maven\apache-maven-3.9.1\maven-repository\org\apache\logging\log4j\log4j-api\2.17.2\log4j-api-2.17.2.jar;D:\Environment\maven\apache-maven-3.9.1\maven-repository\org\slf4j\jul-to-slf4j\1.7.36\jul-to-slf4j-1.7.36.jar;D:\Environment\maven\apache-maven-3.9.1\maven-repository\jakarta\annotation\jakarta.annotation-api\1.3.5\jakarta.annotation-api-1.3.5.jar;D:\Environment\maven\apache-maven-3.9.1\maven-repository\org\yaml\snakeyaml\1.29\snakeyaml-1.29.jar;D:\Environment\maven\apache-maven-3.9.1\maven-repository\org\springframework\boot\spring-boot-starter-json\2.6.13\spring-boot-starter-json-2.6.13.jar;D:\Environment\maven\apache-maven-3.9.1\maven-repository\com\fasterxml\jackson\core\jackson-databind\2.13.4.2\jackson-databind-2.13.4.2.jar;D:\Environment\maven\apache-maven-3.9.1\maven-repository\com\fasterxml\jackson\core\jackson-annotations\2.13.4\jackson-annotations-2.13.4.jar;D:\Environment\maven\apache-maven-3.9.1\maven-repository\com\fasterxml\jackson\core\jackson-core\2.13.4\jackson-core-2.13.4.jar;D:\Environment\maven\apache-maven-3.9.1\maven-repository\com\fasterxml\jackson\datatype\jackson-datatype-jdk8\2.13.4\jackson-datatype-jdk8-2.13.4.jar;D:\Environment\maven\apache-maven-3.9.1\maven-repository\com\fasterxml\jackson\datatype\jackson-datatype-jsr310\2.13.4\jackson-datatype-jsr310-2.13.4.jar;D:\Environment\maven\apache-maven-3.9.1\maven-repository\com\fasterxml\jackson\module\jackson-module-parameter-names\2.13.4\jackson-module-parameter-names-2.13.4.jar;D:\Environment\maven\apache-maven-3.9.1\maven-repository\org\springframework\boot\spring-boot-starter-tomcat\2.6.13\spring-boot-starter-tomcat-2.6.13.jar;D:\Environment\maven\apache-maven-3.9.1\maven-repository\org\apache\tomcat\embed\tomcat-embed-core\9.0.68\tomcat-embed-core-9.0.68.jar;D:\Environment\maven\apache-maven-3.9.1\maven-repository\org\apache\tomcat\embed\tomcat-embed-el\9.0.68\tomcat-embed-el-9.0.68.jar;D:\Environment\maven\apache-maven-3.9.1\maven-repository\org\apache\tomcat\embed\tomcat-embed-websocket\9.0.68\tomcat-embed-websocket-9.0.68.jar;D:\Environment\maven\apache-maven-3.9.1\maven-repository\org\springframework\spring-web\5.3.23\spring-web-5.3.23.jar;D:\Environment\maven\apache-maven-3.9.1\maven-repository\org\springframework\spring-beans\5.3.23\spring-beans-5.3.23.jar;D:\Environment\maven\apache-maven-3.9.1\maven-repository\org\springframework\spring-webmvc\5.3.23\spring-webmvc-5.3.23.jar;D:\Environment\maven\apache-maven-3.9.1\maven-repository\org\springframework\spring-aop\5.3.23\spring-aop-5.3.23.jar;D:\Environment\maven\apache-maven-3.9.1\maven-repository\org\springframework\spring-context\5.3.23\spring-context-5.3.23.jar;D:\Environment\maven\apache-maven-3.9.1\maven-repository\org\springframework\spring-expression\5.3.23\spring-expression-5.3.23.jar;D:\Environment\maven\apache-maven-3.9.1\maven-repository\org\springframework\boot\spring-boot-starter-test\2.6.13\spring-boot-starter-test-2.6.13.jar;D:\Environment\maven\apache-maven-3.9.1\maven-repository\org\springframework\boot\spring-boot-test\2.6.13\spring-boot-test-2.6.13.jar;D:\Environment\maven\apache-maven-3.9.1\maven-repository\org\springframework\boot\spring-boot-test-autoconfigure\2.6.13\spring-boot-test-autoconfigure-2.6.13.jar;D:\Environment\maven\apache-maven-3.9.1\maven-repository\com\jayway\jsonpath\json-path\2.6.0\json-path-2.6.0.jar;D:\Environment\maven\apache-maven-3.9.1\maven-repository\net\minidev\json-smart\2.4.8\json-smart-2.4.8.jar;D:\Environment\maven\apache-maven-3.9.1\maven-repository\net\minidev\accessors-smart\2.4.8\accessors-smart-2.4.8.jar;D:\Environment\maven\apache-maven-3.9.1\maven-repository\org\ow2\asm\asm\9.1\asm-9.1.jar;D:\Environment\maven\apache-maven-3.9.1\maven-repository\org\slf4j\slf4j-api\1.7.36\slf4j-api-1.7.36.jar;D:\Environment\maven\apache-maven-3.9.1\maven-repository\jakarta\xml\bind\jakarta.xml.bind-api\2.3.3\jakarta.xml.bind-api-2.3.3.jar;D:\Environment\maven\apache-maven-3.9.1\maven-repository\jakarta\activation\jakarta.activation-api\1.2.2\jakarta.activation-api-1.2.2.jar;D:\Environment\maven\apache-maven-3.9.1\maven-repository\org\assertj\assertj-core\3.21.0\assertj-core-3.21.0.jar;D:\Environment\maven\apache-maven-3.9.1\maven-repository\org\hamcrest\hamcrest\2.2\hamcrest-2.2.jar;D:\Environment\maven\apache-maven-3.9.1\maven-repository\org\junit\jupiter\junit-jupiter\5.8.2\junit-jupiter-5.8.2.jar;D:\Environment\maven\apache-maven-3.9.1\maven-repository\org\junit\jupiter\junit-jupiter-api\5.8.2\junit-jupiter-api-5.8.2.jar;D:\Environment\maven\apache-maven-3.9.1\maven-repository\org\opentest4j\opentest4j\1.2.0\opentest4j-1.2.0.jar;D:\Environment\maven\apache-maven-3.9.1\maven-repository\org\junit\platform\junit-platform-commons\1.8.2\junit-platform-commons-1.8.2.jar;D:\Environment\maven\apache-maven-3.9.1\maven-repository\org\apiguardian\apiguardian-api\1.1.2\apiguardian-api-1.1.2.jar;D:\Environment\maven\apache-maven-3.9.1\maven-repository\org\junit\jupiter\junit-jupiter-params\5.8.2\junit-jupiter-params-5.8.2.jar;D:\Environment\maven\apache-maven-3.9.1\maven-repository\org\junit\jupiter\junit-jupiter-engine\5.8.2\junit-jupiter-engine-5.8.2.jar;D:\Environment\maven\apache-maven-3.9.1\maven-repository\org\junit\platform\junit-platform-engine\1.8.2\junit-platform-engine-1.8.2.jar;D:\Environment\maven\apache-maven-3.9.1\maven-repository\org\mockito\mockito-core\4.0.0\mockito-core-4.0.0.jar;D:\Environment\maven\apache-maven-3.9.1\maven-repository\net\bytebuddy\byte-buddy\1.11.22\byte-buddy-1.11.22.jar;D:\Environment\maven\apache-maven-3.9.1\maven-repository\net\bytebuddy\byte-buddy-agent\1.11.22\byte-buddy-agent-1.11.22.jar;D:\Environment\maven\apache-maven-3.9.1\maven-repository\org\objenesis\objenesis\3.2\objenesis-3.2.jar;D:\Environment\maven\apache-maven-3.9.1\maven-repository\org\mockito\mockito-junit-jupiter\4.0.0\mockito-junit-jupiter-4.0.0.jar;D:\Environment\maven\apache-maven-3.9.1\maven-repository\org\skyscreamer\jsonassert\1.5.1\jsonassert-1.5.1.jar;D:\Environment\maven\apache-maven-3.9.1\maven-repository\com\vaadin\external\google\android-json\0.0.20131108.vaadin1\android-json-0.0.20131108.vaadin1.jar;D:\Environment\maven\apache-maven-3.9.1\maven-repository\org\springframework\spring-core\5.3.23\spring-core-5.3.23.jar;D:\Environment\maven\apache-maven-3.9.1\maven-repository\org\springframework\spring-jcl\5.3.23\spring-jcl-5.3.23.jar;D:\Environment\maven\apache-maven-3.9.1\maven-repository\org\springframework\spring-test\5.3.23\spring-test-5.3.23.jar;D:\Environment\maven\apache-maven-3.9.1\maven-repository\org\xmlunit\xmlunit-core\2.8.4\xmlunit-core-2.8.4.jar;"/>
    <property name="sun.cpu.endian" value="little"/>
    <property name="user.home" value="C:\Users\小生有礼啦"/>
    <property name="user.language" value="zh"/>
    <property name="java.specification.vendor" value="Oracle Corporation"/>
    <property name="java.version.date" value="2022-04-22"/>
    <property name="java.home" value="D:\Environment\jdk11"/>
    <property name="file.separator" value="\"/>
    <property name="basedir" value="F:\java毕设程序\java源码 仿360buy京东商城源码 京东JavaWeb项目源代码\京东源码\admnp"/>
    <property name="java.vm.compressedOopsMode" value="Zero based"/>
    <property name="line.separator" value="&#10;"/>
    <property name="java.specification.name" value="Java Platform API Specification"/>
    <property name="java.vm.specification.vendor" value="Oracle Corporation"/>
    <property name="FILE_LOG_CHARSET" value="GBK"/>
    <property name="java.awt.graphicsenv" value="sun.awt.Win32GraphicsEnvironment"/>
    <property name="java.awt.headless" value="true"/>
    <property name="surefire.real.class.path" value="C:\Users\小生有礼啦\AppData\Local\Temp\surefire2696726526551822546\surefirebooter-20240208220625281_3.jar"/>
    <property name="user.script" value=""/>
    <property name="sun.management.compiler" value="HotSpot 64-Bit Tiered Compilers"/>
    <property name="java.runtime.version" value="11.0.15.1+2-LTS-10"/>
    <property name="user.name" value="小生有礼啦"/>
    <property name="path.separator" value=";"/>
    <property name="os.version" value="10.0"/>
    <property name="java.runtime.name" value="Java(TM) SE Runtime Environment"/>
    <property name="file.encoding" value="GBK"/>
    <property name="spring.beaninfo.ignore" value="true"/>
    <property name="java.vm.name" value="Java HotSpot(TM) 64-Bit Server VM"/>
    <property name="java.vendor.version" value="18.9"/>
    <property name="localRepository" value="D:\Environment\maven\apache-maven-3.9.1\maven-repository"/>
    <property name="java.vendor.url.bug" value="https://bugreport.java.com/bugreport/"/>
    <property name="java.io.tmpdir" value="C:\Users\小生有~1\AppData\Local\Temp\"/>
    <property name="idea.version" value="2022.2.3"/>
    <property name="java.version" value="11.0.15.1"/>
    <property name="user.dir" value="F:\java毕设程序\java源码 仿360buy京东商城源码 京东JavaWeb项目源代码\京东源码\admnp"/>
    <property name="os.arch" value="amd64"/>
    <property name="java.vm.specification.name" value="Java Virtual Machine Specification"/>
    <property name="PID" value="21244"/>
    <property name="java.awt.printerjob" value="sun.awt.windows.WPrinterJob"/>
    <property name="sun.os.patch.level" value=""/>
    <property name="CONSOLE_LOG_CHARSET" value="GBK"/>
    <property name="java.library.path" value="D:\Environment\jdk11\bin;C:\Windows\Sun\Java\bin;C:\Windows\system32;C:\Windows;C:\Program Files\Common Files\Oracle\Java\javapath;C:\Program Files (x86)\Common Files\Oracle\Java\javapath;C:\Windows\system32;C:\Windows;C:\Windows\System32\Wbem;C:\Windows\System32\WindowsPowerShell\v1.0\;C:\Windows\System32\OpenSSH\;C:\Program Files (x86)\NVIDIA Corporation\PhysX\Common;C:\Program Files\NVIDIA Corporation\NVIDIA NvDLISR;C:\Program Files\Azure Data Studio\bin;C:\Program Files\Microsoft SQL Server\Client SDK\ODBC\170\Tools\Binn\;C:\Program Files (x86)\Microsoft SQL Server\150\Tools\Binn\;C:\Program Files\Microsoft SQL Server\150\Tools\Binn\;C:\Program Files\Microsoft SQL Server\150\DTS\Binn\;C:\Program Files (x86)\Microsoft SQL Server\150\DTS\Binn\;D:\jdkkk\bin;D:\jdkkk\jre\bin;D:\xftp7\;D:\Environment\nodejs\;D:\Environment\git\Git\cmd;D:\wxtools\微信web开发者工具\dll;C:\Program Files (x86)\dotnet\;D:\python\Scripts\;D:\python\;C:\Users\小生有礼啦\AppData\Local\Microsoft\WindowsApps;C:\Program Files\Azure Data Studio\bin;D:\iidea\IntelliJ IDEA 2022.2.3\bin;;D:\mysql\mysql-5.7.19-winx64\bin;D:\Environment\maven\apache-maven-3.9.1\bin;D:\Environment\tomcat\apache-tomcat-9.0.73\bin;C:\Users\小生有礼啦\AppData\Roaming\npm;D:\vscode\Microsoft VS Code\bin;D:\Environment\jdk11\bin;F:\cpolar\;D:\Environment\ffmpeg-2023-04-17-git-65e537b833-full_build\bin;;."/>
    <property name="java.vendor" value="Oracle Corporation"/>
    <property name="java.vm.info" value="mixed mode"/>
    <property name="java.vm.version" value="11.0.15.1+2-LTS-10"/>
    <property name="sun.io.unicode.encoding" value="UnicodeLittle"/>
    <property name="maven.repo.local" value="D:\Environment\maven\apache-maven-3.9.1\maven-repository"/>
    <property name="java.class.version" value="55.0"/>
  </properties>
  <testcase name="contextLoads" classname="my.app.admnp.AdmnpApplicationTests" time="0.31">
    <system-out><![CDATA[22:06:25.839 [main] DEBUG org.springframework.test.context.BootstrapUtils - Instantiating CacheAwareContextLoaderDelegate from class [org.springframework.test.context.cache.DefaultCacheAwareContextLoaderDelegate]
22:06:25.846 [main] DEBUG org.springframework.test.context.BootstrapUtils - Instantiating BootstrapContext using constructor [public org.springframework.test.context.support.DefaultBootstrapContext(java.lang.Class,org.springframework.test.context.CacheAwareContextLoaderDelegate)]
22:06:25.876 [main] DEBUG org.springframework.test.context.BootstrapUtils - Instantiating TestContextBootstrapper for test class [my.app.admnp.AdmnpApplicationTests] from class [org.springframework.boot.test.context.SpringBootTestContextBootstrapper]
22:06:25.886 [main] INFO org.springframework.boot.test.context.SpringBootTestContextBootstrapper - Neither @ContextConfiguration nor @ContextHierarchy found for test class [my.app.admnp.AdmnpApplicationTests], using SpringBootContextLoader
22:06:25.889 [main] DEBUG org.springframework.test.context.support.AbstractContextLoader - Did not detect default resource location for test class [my.app.admnp.AdmnpApplicationTests]: class path resource [my/app/admnp/AdmnpApplicationTests-context.xml] does not exist
22:06:25.889 [main] DEBUG org.springframework.test.context.support.AbstractContextLoader - Did not detect default resource location for test class [my.app.admnp.AdmnpApplicationTests]: class path resource [my/app/admnp/AdmnpApplicationTestsContext.groovy] does not exist
22:06:25.889 [main] INFO org.springframework.test.context.support.AbstractContextLoader - Could not detect default resource locations for test class [my.app.admnp.AdmnpApplicationTests]: no resource found for suffixes {-context.xml, Context.groovy}.
22:06:25.890 [main] INFO org.springframework.test.context.support.AnnotationConfigContextLoaderUtils - Could not detect default configuration classes for test class [my.app.admnp.AdmnpApplicationTests]: AdmnpApplicationTests does not declare any static, non-private, non-final, nested classes annotated with @Configuration.
22:06:25.924 [main] DEBUG org.springframework.test.context.support.ActiveProfilesUtils - Could not find an 'annotation declaring class' for annotation type [org.springframework.test.context.ActiveProfiles] and class [my.app.admnp.AdmnpApplicationTests]
22:06:25.977 [main] DEBUG org.springframework.context.annotation.ClassPathScanningCandidateComponentProvider - Identified candidate component class: file [F:\java毕设程序\java源码 仿360buy京东商城源码 京东JavaWeb项目源代码\京东源码\admnp\target\classes\my\app\admnp\AdmnpApplication.class]
22:06:25.989 [main] INFO org.springframework.boot.test.context.SpringBootTestContextBootstrapper - Found @SpringBootConfiguration my.app.admnp.AdmnpApplication for test class my.app.admnp.AdmnpApplicationTests
22:06:26.077 [main] DEBUG org.springframework.boot.test.context.SpringBootTestContextBootstrapper - @TestExecutionListeners is not present for class [my.app.admnp.AdmnpApplicationTests]: using defaults.
22:06:26.077 [main] INFO org.springframework.boot.test.context.SpringBootTestContextBootstrapper - Loaded default TestExecutionListener class names from location [META-INF/spring.factories]: [org.springframework.boot.test.mock.mockito.MockitoTestExecutionListener, org.springframework.boot.test.mock.mockito.ResetMocksTestExecutionListener, org.springframework.boot.test.autoconfigure.restdocs.RestDocsTestExecutionListener, org.springframework.boot.test.autoconfigure.web.client.MockRestServiceServerResetTestExecutionListener, org.springframework.boot.test.autoconfigure.web.servlet.MockMvcPrintOnlyOnFailureTestExecutionListener, org.springframework.boot.test.autoconfigure.web.servlet.WebDriverTestExecutionListener, org.springframework.boot.test.autoconfigure.webservices.client.MockWebServiceServerTestExecutionListener, org.springframework.test.context.web.ServletTestExecutionListener, org.springframework.test.context.support.DirtiesContextBeforeModesTestExecutionListener, org.springframework.test.context.event.ApplicationEventsTestExecutionListener, org.springframework.test.context.support.DependencyInjectionTestExecutionListener, org.springframework.test.context.support.DirtiesContextTestExecutionListener, org.springframework.test.context.transaction.TransactionalTestExecutionListener, org.springframework.test.context.jdbc.SqlScriptsTestExecutionListener, org.springframework.test.context.event.EventPublishingTestExecutionListener]
22:06:26.089 [main] DEBUG org.springframework.boot.test.context.SpringBootTestContextBootstrapper - Skipping candidate TestExecutionListener [org.springframework.test.context.transaction.TransactionalTestExecutionListener] due to a missing dependency. Specify custom listener classes or make the default listener classes and their required dependencies available. Offending class: [org/springframework/transaction/interceptor/TransactionAttributeSource]
22:06:26.089 [main] DEBUG org.springframework.boot.test.context.SpringBootTestContextBootstrapper - Skipping candidate TestExecutionListener [org.springframework.test.context.jdbc.SqlScriptsTestExecutionListener] due to a missing dependency. Specify custom listener classes or make the default listener classes and their required dependencies available. Offending class: [org/springframework/transaction/interceptor/TransactionAttribute]
22:06:26.089 [main] INFO org.springframework.boot.test.context.SpringBootTestContextBootstrapper - Using TestExecutionListeners: [org.springframework.test.context.web.ServletTestExecutionListener@7c209437, org.springframework.test.context.support.DirtiesContextBeforeModesTestExecutionListener@2262b621, org.springframework.test.context.event.ApplicationEventsTestExecutionListener@7e928e2f, org.springframework.boot.test.mock.mockito.MockitoTestExecutionListener@f667fe, org.springframework.boot.test.autoconfigure.SpringBootDependencyInjectionTestExecutionListener@788fcafb, org.springframework.test.context.support.DirtiesContextTestExecutionListener@4febb875, org.springframework.test.context.event.EventPublishingTestExecutionListener@25e2a451, org.springframework.boot.test.mock.mockito.ResetMocksTestExecutionListener@1698ee84, org.springframework.boot.test.autoconfigure.restdocs.RestDocsTestExecutionListener@10c626be, org.springframework.boot.test.autoconfigure.web.client.MockRestServiceServerResetTestExecutionListener@2fc0cc3, org.springframework.boot.test.autoconfigure.web.servlet.MockMvcPrintOnlyOnFailureTestExecutionListener@328cf0e1, org.springframework.boot.test.autoconfigure.web.servlet.WebDriverTestExecutionListener@63b1d4fa, org.springframework.boot.test.autoconfigure.webservices.client.MockWebServiceServerTestExecutionListener@42e3ede4]
22:06:26.093 [main] DEBUG org.springframework.test.context.support.AbstractDirtiesContextTestExecutionListener - Before test class: context [DefaultTestContext@10993713 testClass = AdmnpApplicationTests, testInstance = [null], testMethod = [null], testException = [null], mergedContextConfiguration = [WebMergedContextConfiguration@58359ebd testClass = AdmnpApplicationTests, locations = '{}', classes = '{class my.app.admnp.AdmnpApplication}', contextInitializerClasses = '[]', activeProfiles = '{}', propertySourceLocations = '{}', propertySourceProperties = '{org.springframework.boot.test.context.SpringBootTestContextBootstrapper=true}', contextCustomizers = set[org.springframework.boot.test.context.filter.ExcludeFilterContextCustomizer@6d026701, org.springframework.boot.test.json.DuplicateJsonObjectContextCustomizerFactory$DuplicateJsonObjectContextCustomizer@35399441, org.springframework.boot.test.mock.mockito.MockitoContextCustomizer@0, org.springframework.boot.test.web.client.TestRestTemplateContextCustomizer@3406472c, org.springframework.boot.test.autoconfigure.actuate.metrics.MetricsExportContextCustomizerFactory$DisableMetricExportContextCustomizer@5b7a8434, org.springframework.boot.test.autoconfigure.properties.PropertyMappingContextCustomizer@0, org.springframework.boot.test.autoconfigure.web.servlet.WebDriverContextCustomizerFactory$Customizer@5a9f4771, org.springframework.boot.test.context.SpringBootTestArgs@1, org.springframework.boot.test.context.SpringBootTestWebEnvironment@1b7cc17c], resourceBasePath = 'src/main/webapp', contextLoader = 'org.springframework.boot.test.context.SpringBootContextLoader', parent = [null]], attributes = map['org.springframework.test.context.web.ServletTestExecutionListener.activateListener' -> true]], class annotated with @DirtiesContext [false] with mode [null].

  .   ____          _            __ _ _
 /\\ / ___'_ __ _ _(_)_ __  __ _ \ \ \ \
( ( )\___ | '_ | '_| | '_ \/ _` | \ \ \ \
 \\/  ___)| |_)| | | | | || (_| |  ) ) ) )
  '  |____| .__|_| |_|_| |_\__, | / / / /
 =========|_|==============|___/=/_/_/_/
 :: Spring Boot ::               (v2.6.13)

2024-02-08 22:06:26.398  INFO 21244 --- [           main] my.app.admnp.AdmnpApplicationTests       : Starting AdmnpApplicationTests using Java 11.0.15.1 on admnpluo with PID 21244 (started by 小生有礼啦 in F:\java毕设程序\java源码 仿360buy京东商城源码 京东JavaWeb项目源代码\京东源码\admnp)
2024-02-08 22:06:26.400  INFO 21244 --- [           main] my.app.admnp.AdmnpApplicationTests       : No active profile set, falling back to 1 default profile: "default"
2024-02-08 22:06:27.490  INFO 21244 --- [           main] o.s.b.a.w.s.WelcomePageHandlerMapping    : Adding welcome page: class path resource [static/index.html]
2024-02-08 22:06:27.749  INFO 21244 --- [           main] my.app.admnp.AdmnpApplicationTests       : Started AdmnpApplicationTests in 1.622 seconds (JVM running for 2.386)
]]></system-out>
  </testcase>
</testsuite>